[2026-03-01T22:19:38.857+0000] {manager.py:483} INFO - Processing files using up to 2 processes at a time 
[2026-03-01T22:19:38.858+0000] {manager.py:484} INFO - Process each file at most once every 30 seconds
[2026-03-01T22:19:38.859+0000] {manager.py:485} INFO - Checking for new files in /opt/airflow/dags every 300 seconds
[2026-03-01T22:19:38.861+0000] {manager.py:821} INFO - Searching for files in /opt/airflow/dags
[2026-03-01T22:19:38.923+0000] {manager.py:824} INFO - There are 1 files in /opt/airflow/dags
[2026-03-01T22:19:39.502+0000] {manager.py:997} INFO - 
================================================================================
DAG File Processing Stats

File Path                                 PID  Runtime      # DAGs    # Errors  Last Runtime    Last Run      Last # of DB Queries
--------------------------------------  -----  ---------  --------  ----------  --------------  ----------  ----------------------
/opt/airflow/dags/penguins_pipeline.py    167  0.10s             0           0                                                   0
================================================================================
[2026-03-01T22:20:08.294+0000] {manager.py:997} INFO - 
================================================================================
DAG File Processing Stats

File Path                               PID    Runtime      # DAGs    # Errors  Last Runtime    Last Run               Last # of DB Queries
--------------------------------------  -----  ---------  --------  ----------  --------------  -------------------  ----------------------
/opt/airflow/dags/penguins_pipeline.py                           1           0  6.63s           2026-03-01T22:19:46                      10
================================================================================
[2026-03-01T22:20:37.840+0000] {manager.py:997} INFO - 
================================================================================
DAG File Processing Stats

File Path                               PID    Runtime      # DAGs    # Errors  Last Runtime    Last Run               Last # of DB Queries
--------------------------------------  -----  ---------  --------  ----------  --------------  -------------------  ----------------------
/opt/airflow/dags/penguins_pipeline.py                           1           0  2.13s           2026-03-01T22:20:28                      10
================================================================================
[2026-03-01T22:21:07.112+0000] {manager.py:997} INFO - 
================================================================================
DAG File Processing Stats

File Path                               PID    Runtime      # DAGs    # Errors  Last Runtime    Last Run               Last # of DB Queries
--------------------------------------  -----  ---------  --------  ----------  --------------  -------------------  ----------------------
/opt/airflow/dags/penguins_pipeline.py                           1           0  2.54s           2026-03-01T22:21:01                      10
================================================================================
[2026-03-01T22:21:35.946+0000] {manager.py:997} INFO - 
================================================================================
DAG File Processing Stats

File Path                               PID    Runtime      # DAGs    # Errors  Last Runtime    Last Run               Last # of DB Queries
--------------------------------------  -----  ---------  --------  ----------  --------------  -------------------  ----------------------
/opt/airflow/dags/penguins_pipeline.py                           1           0  3.23s           2026-03-01T22:21:34                      10
================================================================================
[2026-03-01T22:22:05.660+0000] {manager.py:997} INFO - 
================================================================================
DAG File Processing Stats

File Path                                 PID  Runtime      # DAGs    # Errors  Last Runtime    Last Run               Last # of DB Queries
--------------------------------------  -----  ---------  --------  ----------  --------------  -------------------  ----------------------
/opt/airflow/dags/penguins_pipeline.py    249  0.01s             1           0  3.23s           2026-03-01T22:21:34                      10
================================================================================
[2026-03-01T22:22:35.199+0000] {manager.py:997} INFO - 
================================================================================
DAG File Processing Stats

File Path                               PID    Runtime      # DAGs    # Errors  Last Runtime    Last Run               Last # of DB Queries
--------------------------------------  -----  ---------  --------  ----------  --------------  -------------------  ----------------------
/opt/airflow/dags/penguins_pipeline.py                           1           0  2.20s           2026-03-01T22:22:07                      10
================================================================================
[2026-03-01T22:23:04.490+0000] {manager.py:997} INFO - 
================================================================================
DAG File Processing Stats

File Path                               PID    Runtime      # DAGs    # Errors  Last Runtime    Last Run               Last # of DB Queries
--------------------------------------  -----  ---------  --------  ----------  --------------  -------------------  ----------------------
/opt/airflow/dags/penguins_pipeline.py                           1           0  2.07s           2026-03-01T22:22:40                      10
================================================================================
[2026-03-01T22:23:33.498+0000] {manager.py:997} INFO - 
================================================================================
DAG File Processing Stats

File Path                               PID    Runtime      # DAGs    # Errors  Last Runtime    Last Run               Last # of DB Queries
--------------------------------------  -----  ---------  --------  ----------  --------------  -------------------  ----------------------
/opt/airflow/dags/penguins_pipeline.py                           1           0  3.78s           2026-03-01T22:23:14                      10
================================================================================
[2026-03-01T22:24:02.704+0000] {manager.py:997} INFO - 
================================================================================
DAG File Processing Stats

File Path                               PID    Runtime      # DAGs    # Errors  Last Runtime    Last Run               Last # of DB Queries
--------------------------------------  -----  ---------  --------  ----------  --------------  -------------------  ----------------------
/opt/airflow/dags/penguins_pipeline.py                           1           0  1.96s           2026-03-01T22:23:46                      10
================================================================================
[2026-03-01T22:24:32.154+0000] {manager.py:997} INFO - 
================================================================================
DAG File Processing Stats

File Path                               PID    Runtime      # DAGs    # Errors  Last Runtime    Last Run               Last # of DB Queries
--------------------------------------  -----  ---------  --------  ----------  --------------  -------------------  ----------------------
/opt/airflow/dags/penguins_pipeline.py                           1           0  3.40s           2026-03-01T22:24:20                      10
================================================================================
[2026-03-01T22:24:39.257+0000] {manager.py:821} INFO - Searching for files in /opt/airflow/dags
[2026-03-01T22:24:39.292+0000] {manager.py:824} INFO - There are 1 files in /opt/airflow/dags
[2026-03-01T22:24:42.691+0000] {manager.py:465} INFO - Exiting gracefully upon receiving signal 15
